<?xml version="1.0" encoding="UTF-8"?>
<!-- Generated by org.testng.reporters.JUnitReportReporter -->
<testsuite hostname="LAPTOP-DA570GJ2" failures="0" tests="3" name="BaseTest" time="13.781" errors="0" timestamp="2023-07-07T12:11:07 IST" skipped="0">
  <testcase classname="BaseTest" name="testPATCHAPI" time="4.999"/>
  <system-out/>
  <testcase classname="BaseTest" name="testGETAPI" time="4.719"/>
  <system-out/>
  <testcase classname="BaseTest" name="testPUTAPI" time="4.063"/>
  <system-out/>
</testsuite> <!-- BaseTest -->
